<?xml version="1.0" encoding="UTF-8"?>
<robot generator="Robot 6.1.1 (Python 3.12.0 on win32)" generated="20231026 18:16:23.702" rpa="false" schemaversion="4">
<suite id="s1" name="Login Google" source="c:\Workspace\base_rf\Login Google\Tests\Login Google.robot">
<test id="s1-t1" name="teste" line="11">
<kw name="Open New Browser" library="undetected_chromedriver">
<arg>url=${URL}</arg>
<msg timestamp="20231026 18:16:24.010" level="FAIL">AttributeError: module 'undetected_chromedriver' has no attribute 'Chrome'</msg>
<status status="FAIL" starttime="20231026 18:16:24.009" endtime="20231026 18:16:24.023"/>
</kw>
<status status="FAIL" starttime="20231026 18:16:24.007" endtime="20231026 18:16:24.029">AttributeError: module 'undetected_chromedriver' has no attribute 'Chrome'</status>
</test>
<status status="FAIL" starttime="20231026 18:16:23.709" endtime="20231026 18:16:24.067"/>
</suite>
<statistics>
<total>
<stat pass="0" fail="1" skip="0">All Tests</stat>
</total>
<tag>
</tag>
<suite>
<stat pass="0" fail="1" skip="0" id="s1" name="Login Google">Login Google</stat>
</suite>
</statistics>
<errors>
</errors>
</robot>
